<?xml version="1.0" encoding="UTF-8"?>
<robot generator="Robot 5.0.1 (Python 3.10.5 on linux)" generated="20220909 09:55:51.401" rpa="false" schemaversion="3">
<suite id="s1" name="Camera" source="/home/nilo/Documentos/digisac-qa/appium/tests/camera.robot">
<test id="s1-t1" name="Deve Apresentar Os Elementos" line="8">
<kw name="Open Session" library="base" type="SETUP">
<kw name="Set Appium Timeout" library="AppiumLibrary">
<arg>40</arg>
<doc>Sets the timeout in seconds used by various keywords.</doc>
<status status="PASS" starttime="20220909 09:55:51.592" endtime="20220909 09:55:51.592"/>
</kw>
<kw name="Open Application" library="AppiumLibrary">
<arg>http://localhost:4723/wd/hub</arg>
<arg>automationName=UiAutomator2</arg>
<arg>platformName=Android</arg>
<arg>deviceName=Android Emulator</arg>
<arg>app=${EXECDIR}/app/digisac.apk</arg>
<doc>Opens a new application to given Appium server.
Capabilities of appium server, Android and iOS,
Please check https://github.com/appium/appium/blob/master/docs/en/writing-running-appium/server-args.md
| *Option*            | *Man.* | *Description*     |
| remote_url          | Yes    | Appium server url |
| alias               | no     | alias             |</doc>
<status status="PASS" starttime="20220909 09:55:51.593" endtime="20220909 09:56:01.034"/>
</kw>
<status status="PASS" starttime="20220909 09:55:51.592" endtime="20220909 09:56:01.034"/>
</kw>
<kw name="Get Started Portuguese" library="helpers">
<kw name="Wait Until Page Does Not Contain Element" library="AppiumLibrary">
<arg>${TEXT_UPDATE}</arg>
<doc>Waits until element specified with `locator` disappears from current page.</doc>
<status status="PASS" starttime="20220909 09:56:01.036" endtime="20220909 09:56:01.282"/>
</kw>
<kw name="Wait Until Page Does Not Contain" library="AppiumLibrary">
<arg>Looking for updates...</arg>
<doc>Waits until `text` disappears from current page.</doc>
<status status="PASS" starttime="20220909 09:56:01.283" endtime="20220909 09:56:01.353"/>
</kw>
<kw name="Wait Until Page Does Not Contain" library="AppiumLibrary">
<arg>Procurando atualizações...</arg>
<doc>Waits until `text` disappears from current page.</doc>
<status status="PASS" starttime="20220909 09:56:01.353" endtime="20220909 09:56:01.394"/>
</kw>
<kw name="Wait Until Page Does Not Contain Element" library="AppiumLibrary">
<arg>${TEXT_UPDATE}</arg>
<doc>Waits until element specified with `locator` disappears from current page.</doc>
<status status="PASS" starttime="20220909 09:56:01.395" endtime="20220909 09:56:01.415"/>
</kw>
<kw name="Wait Until Element Is Visible" library="AppiumLibrary">
<arg>${BTN_PT}</arg>
<doc>Waits until element specified with `locator` is visible.</doc>
<status status="PASS" starttime="20220909 09:56:01.415" endtime="20220909 09:56:07.646"/>
</kw>
<kw name="Click Element" library="AppiumLibrary">
<arg>${BTN_PT}</arg>
<doc>Click element identified by `locator`.</doc>
<msg timestamp="20220909 09:56:07.655" level="INFO">Clicking element 'id=com.ikatec.digisac:id/workspace-button-portuguese'.</msg>
<status status="PASS" starttime="20220909 09:56:07.647" endtime="20220909 09:56:07.757"/>
</kw>
<kw name="Wait Until Page Does Not Contain Element" library="AppiumLibrary">
<arg>${TEXT_UPDATE}</arg>
<doc>Waits until element specified with `locator` disappears from current page.</doc>
<status status="PASS" starttime="20220909 09:56:07.757" endtime="20220909 09:56:07.804"/>
</kw>
<kw name="Click Element" library="AppiumLibrary">
<arg>${INPUT_URL}</arg>
<doc>Click element identified by `locator`.</doc>
<msg timestamp="20220909 09:56:07.808" level="INFO">Clicking element 'accessibility_id=com.ikatec.digisac:id/workspace-input-url'.</msg>
<status status="PASS" starttime="20220909 09:56:07.804" endtime="20220909 09:56:09.621"/>
</kw>
<kw name="Input Text" library="AppiumLibrary">
<arg>${INPUT_URL}</arg>
<arg>${URL}</arg>
<doc>Types the given `text` into text field identified by `locator`.</doc>
<msg timestamp="20220909 09:56:09.627" level="INFO">Typing text 'qa6.digisac.co' into text field 'accessibility_id=com.ikatec.digisac:id/workspace-input-url'</msg>
<status status="PASS" starttime="20220909 09:56:09.621" endtime="20220909 09:56:10.365"/>
</kw>
<kw name="Click Element" library="AppiumLibrary">
<arg>${LOGO}</arg>
<doc>Click element identified by `locator`.</doc>
<msg timestamp="20220909 09:56:10.375" level="INFO">Clicking element 'id=com.ikatec.digisac:id/workspace-logo'.</msg>
<status status="PASS" starttime="20220909 09:56:10.366" endtime="20220909 09:56:11.023"/>
</kw>
<kw name="Wait Until Element Is Visible" library="AppiumLibrary">
<arg>${BTN_CONNECT}</arg>
<doc>Waits until element specified with `locator` is visible.</doc>
<status status="PASS" starttime="20220909 09:56:11.023" endtime="20220909 09:56:11.701"/>
</kw>
<kw name="Click Element" library="AppiumLibrary">
<arg>${BTN_CONNECT}</arg>
<doc>Click element identified by `locator`.</doc>
<msg timestamp="20220909 09:56:11.707" level="INFO">Clicking element 'id=com.ikatec.digisac:id/workspace-button-connect'.</msg>
<status status="PASS" starttime="20220909 09:56:11.701" endtime="20220909 09:56:11.813"/>
</kw>
<kw name="Wait Until Element Is Visible" library="AppiumLibrary">
<arg>${LOGO_LOGIN}</arg>
<doc>Waits until element specified with `locator` is visible.</doc>
<status status="PASS" starttime="20220909 09:56:11.814" endtime="20220909 09:56:13.839"/>
</kw>
<kw name="Click Element" library="AppiumLibrary">
<arg>${INPUT_EMAIL}</arg>
<doc>Click element identified by `locator`.</doc>
<msg timestamp="20220909 09:56:13.845" level="INFO">Clicking element 'accessibility_id=com.ikatec.digisac:id/login-input-email'.</msg>
<status status="PASS" starttime="20220909 09:56:13.839" endtime="20220909 09:56:14.893"/>
</kw>
<kw name="Input Text" library="AppiumLibrary">
<arg>${INPUT_EMAIL}</arg>
<arg>${LOGIN}</arg>
<doc>Types the given `text` into text field identified by `locator`.</doc>
<msg timestamp="20220909 09:56:14.898" level="INFO">Typing text 'automacao@automacao.com' into text field 'accessibility_id=com.ikatec.digisac:id/login-input-email'</msg>
<status status="PASS" starttime="20220909 09:56:14.893" endtime="20220909 09:56:15.670"/>
</kw>
<kw name="Click Element" library="AppiumLibrary">
<arg>${LOGO_LOGIN}</arg>
<doc>Click element identified by `locator`.</doc>
<msg timestamp="20220909 09:56:15.679" level="INFO">Clicking element 'id=com.ikatec.digisac:id/login-logo'.</msg>
<status status="PASS" starttime="20220909 09:56:15.670" endtime="20220909 09:56:16.407"/>
</kw>
<kw name="Wait Until Element Is Visible" library="AppiumLibrary">
<arg>${INPUT_PASSWORD}</arg>
<doc>Waits until element specified with `locator` is visible.</doc>
<status status="PASS" starttime="20220909 09:56:16.407" endtime="20220909 09:56:17.193"/>
</kw>
<kw name="Click Element" library="AppiumLibrary">
<arg>${INPUT_PASSWORD}</arg>
<doc>Click element identified by `locator`.</doc>
<msg timestamp="20220909 09:56:17.200" level="INFO">Clicking element 'accessibility_id=com.ikatec.digisac:id/login-input-password'.</msg>
<status status="PASS" starttime="20220909 09:56:17.194" endtime="20220909 09:56:18.245"/>
</kw>
<kw name="Input Password" library="AppiumLibrary">
<arg>${INPUT_PASSWORD}</arg>
<arg>${PASSWORD}</arg>
<doc>Types the given password into text field identified by `locator`.</doc>
<msg timestamp="20220909 09:56:18.251" level="INFO">Typing password into text field 'accessibility_id=com.ikatec.digisac:id/login-input-password'</msg>
<status status="PASS" starttime="20220909 09:56:18.245" endtime="20220909 09:56:18.990"/>
</kw>
<kw name="Click Element" library="AppiumLibrary">
<arg>${LOGO_LOGIN}</arg>
<doc>Click element identified by `locator`.</doc>
<msg timestamp="20220909 09:56:18.996" level="INFO">Clicking element 'id=com.ikatec.digisac:id/login-logo'.</msg>
<status status="PASS" starttime="20220909 09:56:18.991" endtime="20220909 09:56:19.580"/>
</kw>
<kw name="Wait Until Element Is Visible" library="AppiumLibrary">
<arg>${BTN_LOGIN}</arg>
<doc>Waits until element specified with `locator` is visible.</doc>
<status status="PASS" starttime="20220909 09:56:19.580" endtime="20220909 09:56:20.331"/>
</kw>
<kw name="Click Element" library="AppiumLibrary">
<arg>${BTN_LOGIN}</arg>
<doc>Click element identified by `locator`.</doc>
<msg timestamp="20220909 09:56:20.338" level="INFO">Clicking element 'id=com.ikatec.digisac:id/login-button-login'.</msg>
<status status="PASS" starttime="20220909 09:56:20.332" endtime="20220909 09:56:20.660"/>
</kw>
<kw name="Wait Until Element Is Visible" library="AppiumLibrary">
<arg>${LOGO_HEADER}</arg>
<doc>Waits until element specified with `locator` is visible.</doc>
<status status="PASS" starttime="20220909 09:56:20.661" endtime="20220909 09:56:22.501"/>
</kw>
<status status="PASS" starttime="20220909 09:56:01.035" endtime="20220909 09:56:22.502"/>
</kw>
<kw name="Wait Until Element Is Visible" library="AppiumLibrary">
<arg>id=com.ikatec.digisac:id/card_container_contact</arg>
<doc>Waits until element specified with `locator` is visible.</doc>
<status status="PASS" starttime="20220909 09:56:22.502" endtime="20220909 09:56:23.915"/>
</kw>
<kw name="Click Element" library="AppiumLibrary">
<arg>id=com.ikatec.digisac:id/card_container_contact</arg>
<doc>Click element identified by `locator`.</doc>
<msg timestamp="20220909 09:56:23.923" level="INFO">Clicking element 'id=com.ikatec.digisac:id/card_container_contact'.</msg>
<status status="PASS" starttime="20220909 09:56:23.916" endtime="20220909 09:56:24.598"/>
</kw>
<kw name="Wait Until Element Is Visible" library="AppiumLibrary">
<arg>id=com.ikatec.digisac:id/add_contact-text-title</arg>
<doc>Waits until element specified with `locator` is visible.</doc>
<msg timestamp="20220909 09:57:05.104" level="INFO">&lt;?xml version='1.0' encoding='UTF-8' standalone='yes' ?&gt;
&lt;hierarchy index="0" class="hierarchy" rotation="0" width="1080" height="1776"&gt;
  &lt;android.widget.FrameLayout index="0" package="com.ikatec.digisac" class="android.widget.FrameLayout" text="" checkable="false" checked="false" clickable="false" enabled="true" focusable="false" focused="false" long-clickable="false" password="false" scrollable="false" selected="false" bounds="[0,0][1080,1776]" displayed="true"&gt;
    &lt;android.widget.LinearLayout index="0" package="com.ikatec.digisac" class="android.widget.LinearLayout" text="" checkable="false" checked="false" clickable="false" enabled="true" focusable="false" focused="false" long-clickable="false" password="false" scrollable="false" selected="false" bounds="[0,0][1080,1776]" displayed="true"&gt;
      &lt;android.widget.FrameLayout index="0" package="com.ikatec.digisac" class="android.widget.FrameLayout" text="" checkable="false" checked="false" clickable="false" enabled="true" focusable="false" focused="false" long-clickable="false" password="false" scrollable="false" selected="false" bounds="[0,72][1080,1776]" displayed="true"&gt;
        &lt;android.widget.LinearLayout index="0" package="com.ikatec.digisac" class="android.widget.LinearLayout" text="" resource-id="com.ikatec.digisac:id/action_bar_root" checkable="false" checked="false" clickable="false" enabled="true" focusable="false" focused="false" long-clickable="false" password="false" scrollable="false" selected="false" bounds="[0,72][1080,1776]" displayed="true"&gt;
          &lt;android.widget.FrameLayout index="0" package="com.ikatec.digisac" class="android.widget.FrameLayout" text="" resource-id="android:id/content" checkable="false" checked="false" clickable="false" enabled="true" focusable="false" focused="false" long-clickable="false" password="false" scrollable="false" selected="false" bounds="[0,72][1080,1776]" displayed="true"&gt;
            &lt;android.widget.FrameLayout index="0" package="com.ikatec.digisac" class="android.widget.FrameLayout" text="" checkable="false" checked="false" clickable="false" enabled="true" focusable="false" focused="false" long-clickable="false" password="false" scrollable="false" selected="false" bounds="[0,72][1080,1776]" displayed="true"&gt;
              &lt;android.widget.FrameLayout index="0" package="com.ikatec.digisac" class="android.widget.FrameLayout" text="" checkable="false" checked="false" clickable="false" enabled="true" focusable="false" focused="false" long-clickable="false" password="false" scrollable="false" selected="false" bounds="[0,72][1080,1776]" displayed="true"&gt;
                &lt;android.widget.FrameLayout index="0" package="com.ikatec.digisac" class="android.widget.FrameLayout" text="" checkable="false" checked="false" clickable="false" enabled="true" focusable="false" focused="false" long-clickable="false" password="false" scrollable="false" selected="false" bounds="[0,72][1080,1776]" displayed="true"&gt;
                  &lt;android.view.ViewGroup index="0" package="com.ikatec.digisac" class="android.view.ViewGroup" text="" checkable="false" checked="false" clickable="false" enabled="true" focusable="false" focused="false" long-clickable="false" password="false" scrollable="false" selected="false" bounds="[0,72][1080,1776]" displayed="true"&gt;
                    &lt;android.view.ViewGroup index="0" package="com.ikatec.digisac" class="android.view.ViewGroup" text="" checkable="false" checked="false" clickable="false" enabled="true" focusable="false" focused="false" long-clickable="false" password="false" scrollable="false" selected="false" bounds="[0,72][1080,1776]" displayed="true"&gt;
                      &lt;android.view.ViewGroup index="0" package="com.ikatec.digisac" class="android.view.ViewGroup" text="" checkable="false" checked="false" clickable="false" enabled="true" focusable="false" focused="false" long-clickable="false" password="false" scrollable="false" selected="false" bounds="[0,72][1080,1776]" displayed="true" /&gt;
                      &lt;android.view.ViewGroup index="1" package="com.ikatec.digisac" class="android.view.ViewGroup" text="" checkable="false" checked="false" clickable="false" enabled="true" focusable="false" focused="false" long-clickable="false" password="false" scrollable="false" selected="false" bounds="[0,72][1080,1776]" displayed="true"&gt;
                        &lt;android.view.ViewGroup index="0" package="com.ikatec.digisac" class="android.view.ViewGroup" text="" checkable="false" checked="false" clickable="false" enabled="true" focusable="false" focused="false" long-clickable="false" password="false" scrollable="false" selected="false" bounds="[0,72][1080,1776]" displayed="true"&gt;
                          &lt;android.view.ViewGroup index="0" package="com.ikatec.digisac" class="android.view.ViewGroup" text="" checkable="false" checked="false" clickable="false" enabled="true" focusable="false" focused="false" long-clickable="false" password="false" scrollable="false" selected="false" bounds="[0,72][1080,1776]" displayed="true"&gt;
                            &lt;android.view.ViewGroup index="1" package="com.ikatec.digisac" class="android.view.ViewGroup" text="" checkable="false" checked="false" clickable="false" enabled="true" focusable="false" focused="false" long-clickable="false" password="false" scrollable="false" selected="false" bounds="[0,72][1080,1776]" displayed="true"&gt;
                              &lt;android.view.ViewGroup index="0" package="com.ikatec.digisac" class="android.view.ViewGroup" text="" checkable="false" checked="false" clickable="false" enabled="true" focusable="false" focused="false" long-clickable="false" password="false" scrollable="false" selected="false" bounds="[0,72][1080,1776]" displayed="true"&gt;
                                &lt;android.view.ViewGroup index="0" package="com.ikatec.digisac" class="android.view.ViewGroup" text="" checkable="false" checked="false" clickable="false" enabled="true" focusable="false" focused="false" long-clickable="false" password="false" scrollable="false" selected="false" bounds="[0,72][1080,1776]" displayed="true"&gt;
                                  &lt;android.view.ViewGroup index="0" package="com.ikatec.digisac" class="android.view.ViewGroup" text="" checkable="false" checked="false" clickable="false" enabled="true" focusable="false" focused="false" long-clickable="false" password="false" scrollable="false" selected="false" bounds="[0,72][1080,1776]" displayed="true" /&gt;
                                  &lt;android.view.ViewGroup index="1" package="com.ikatec.digisac" class="android.view.ViewGroup" text="" checkable="false" checked="false" clickable="false" enabled="true" focusable="false" focused="false" long-clickable="false" password="false" scrollable="false" selected="false" bounds="[0,72][1080,1776]" displayed="true"&gt;
                                    &lt;android.view.ViewGroup index="0" package="com.ikatec.digisac" class="android.view.ViewGroup" text="" checkable="false" checked="false" clickable="false" enabled="true" focusable="false" focused="false" long-clickable="false" password="false" scrollable="false" selected="false" bounds="[0,72][1080,288]" displayed="true"&gt;
                                      &lt;android.view.ViewGroup index="0" package="com.ikatec.digisac" class="android.view.ViewGroup" text="" checkable="false" checked="false" clickable="true" enabled="true" focusable="true" focused="false" long-clickable="false" password="false" scrollable="false" selected="false" bounds="[24,120][120,240]" displayed="true"&gt;
                                        &lt;android.view.ViewGroup index="0" package="com.ikatec.digisac" class="android.view.ViewGroup" text="" checkable="false" checked="false" clickable="false" enabled="true" focusable="false" focused="false" long-clickable="false" password="false" scrollable="false" selected="false" bounds="[24,132][120,228]" displayed="true" /&gt;
                                      &lt;/android.view.ViewGroup&gt;
                                      &lt;android.view.ViewGroup index="1" package="com.ikatec.digisac" class="android.view.ViewGroup" text="" checkable="false" checked="false" clickable="true" enabled="true" focusable="true" focused="false" long-clickable="false" password="false" scrollable="false" selected="false" bounds="[120,120][455,240]" displayed="true"&gt;
                                        &lt;android.view.ViewGroup index="0" package="com.ikatec.digisac" class="android.view.ViewGroup" text="" checkable="false" checked="false" clickable="false" enabled="true" focusable="false" focused="false" long-clickable="false" password="false" scrollable="false" selected="false" bounds="[120,120][240,240]" displayed="true"&gt;
                                          &lt;android.widget.ImageView index="0" package="com.ikatec.digisac" class="android.widget.ImageView" text="" checkable="false" checked="false" clickable="false" enabled="true" focusable="false" focused="false" long-clickable="false" password="false" scrollable="false" selected="false" bounds="[120,120][240,240]" displayed="true" /&gt;
                                        &lt;/android.view.ViewGroup&gt;
                                        &lt;android.widget.TextView index="1" package="com.ikatec.digisac" class="android.widget.TextView" text="Rubens Massa" checkable="false" checked="false" clickable="false" enabled="true" focusable="false" focused="false" long-clickable="false" password="false" scrollable="false" selected="false" bounds="[264,120][455,189]" displayed="true" /&gt;
                                        &lt;android.widget.TextView index="2" package="com.ikatec.digisac" class="android.widget.TextView" text="07:36:57" checkable="false" checked="false" clickable="false" enabled="true" focusable="false" focused="false" long-clickable="false" password="false" scrollable="false" selected="false" bounds="[264,189][387,240]" displayed="true" /&gt;
                                      &lt;/android.view.ViewGroup&gt;
                                      &lt;android.view.ViewGroup index="2" package="com.ikatec.digisac" class="android.view.ViewGroup" text="" checkable="false" checked="false" clickable="true" enabled="true" focusable="true" focused="false" long-clickable="false" password="false" scrollable="false" selected="false" bounds="[455,120][527,240]" displayed="true"&gt;
                                        &lt;android.view.ViewGroup index="0" package="com.ikatec.digisac" class="android.view.ViewGroup" text="" checkable="false" checked="false" clickable="false" enabled="true" focusable="false" focused="false" long-clickable="false" password="false" scrollable="false" selected="false" bounds="[455,144][527,216]" displayed="true" /&gt;
                                      &lt;/android.view.ViewGroup&gt;
                                      &lt;android.view.ViewGroup index="3" package="com.ikatec.digisac" class="android.view.ViewGroup" text="" checkable="false" checked="false" clickable="true" enabled="true" focusable="true" focused="false" long-clickable="false" password="false" scrollable="false" selected="false" bounds="[846,132][942,228]" displayed="true"&gt;
                                        &lt;android.view.ViewGroup index="0" package="com.ikatec.digisac" class="android.view.ViewGroup" text="" checkable="false" checked="false" clickable="false" enabled="true" focusable="false" focused="false" long-clickable="false" password="false" scrollable="false" selected="false" bounds="[846,132][942,228]" displayed="true" /&gt;
                                      &lt;/android.view.ViewGroup&gt;
                                      &lt;android.view.ViewGroup index="4" package="com.ikatec.digisac" class="android.view.ViewGroup" text="" checkable="false" checked="false" clickable="true" enabled="true" focusable="true" focused="false" long-clickable="false" password="false" scrollable="false" selected="false" bounds="[954,132][1050,228]" displayed="true"&gt;
                                        &lt;android.view.ViewGroup index="0" package="com.ikatec.digisac" class="android.view.ViewGroup" text="" checkable="false" checked="false" clickable="false" enabled="true" focusable="false" focused="false" long-clickable="false" password="false" scrollable="false" selected="false" bounds="[960,138][1044,222]" displayed="true" /&gt;
                                      &lt;/android.view.ViewGroup&gt;
                                    &lt;/android.view.ViewGroup&gt;
                                    &lt;android.widget.ImageView index="2" package="com.ikatec.digisac" class="android.widget.ImageView" text="" checkable="false" checked="false" clickable="false" enabled="true" focusable="false" focused="false" long-clickable="false" password="false" scrollable="false" selected="false" bounds="[0,288][1080,1608]" displayed="true" /&gt;
                                    &lt;android.widget.ScrollView index="3" package="com.ikatec.digisac" class="android.widget.ScrollView" text="" checkable="false" checked="false" clickable="false" enabled="true" focusable="true" focused="false" long-clickable="false" password="false" scrollable="true" selected="false" bounds="[0,288][1080,1608]" displayed="true"&gt;
                                      &lt;android.view.ViewGroup index="0" package="com.ikatec.digisac" class="android.view.ViewGroup" text="" checkable="false" checked="false" clickable="false" enabled="true" focusable="false" focused="false" long-clickable="false" password="false" scrollable="false" selected="false" bounds="[0,288][1080,1608]" displayed="true"&gt;
                                        &lt;android.view.ViewGroup index="17" package="com.ikatec.digisac" class="android.view.ViewGroup" text="" checkable="false" checked="false" clickable="false" enabled="true" focusable="false" focused="false" long-clickable="false" password="false" scrollable="false" selected="false" bounds="[0,288][1080,792]" displayed="true"&gt;
                                          &lt;android.view.ViewGroup index="0" package="com.ikatec.digisac" class="android.view.ViewGroup" text="" checkable="false" checked="false" clickable="true" enabled="true" focusable="true" focused="false" long-clickable="false" password="false" scrollable="false" selected="false" bounds="[0,288][1080,792]" displayed="true"&gt;
                                            &lt;android.view.ViewGroup index="0" package="com.ikatec.digisac" class="android.view.ViewGroup" text="" checkable="false" checked="false" clickable="false" enabled="true" focusable="false" focused="false" long-clickable="false" password="false" scrollable="false" selected="false" bounds="[366,288][1032,786]" displayed="true"&gt;
                                              &lt;android.view.ViewGroup index="1" package="com.ikatec.digisac" class="android.view.ViewGroup" text="" checkable="false" checked="false" clickable="false" enabled="true" focusable="false" focused="false" long-clickable="false" password="false" scrollable="false" selected="false" bounds="[375,288][1023,777]" displayed="true"&gt;
                                                &lt;android.widget.ImageView index="0" package="com.ikatec.digisac" class="android.widget.ImageView" text="" checkable="false" checked="false" clickable="false" enabled="true" focusable="false" focused="false" long-clickable="false" password="false" scrollable="false" selected="false" bounds="[375,288][1023,777]" displayed="true" /&gt;
                                                &lt;android.view.ViewGroup index="1" package="com.ikatec.digisac" class="android.view.ViewGroup" text="" checkable="false" checked="false" clickable="true" enabled="true" focusable="true" focused="false" long-clickable="false" password="false" scrollable="false" selected="false" bounds="[375,288][1023,777]" displayed="true" /&gt;
                                                &lt;android.view.View index="2" package="com.ikatec.digisac" class="android.view.View" text="" checkable="false" checked="false" clickable="false" enabled="true" focusable="false" focused="false" long-clickable="false" password="false" scrollable="false" selected="false" bounds="[375,722][1023,777]" displayed="true" /&gt;
                                                &lt;android.widget.TextView index="3" package="com.ikatec.digisac" class="android.widget.TextView" text="17:51" checkable="false" checked="false" clickable="false" enabled="true" focusable="false" focused="false" long-clickable="false" password="false" scrollable="false" selected="false" bounds="[877,722][945,777]" displayed="true" /&gt;
                                                &lt;android.view.ViewGroup index="4" package="com.ikatec.digisac" class="android.view.ViewGroup" text="" checkable="false" checked="false" clickable="false" enabled="true" focusable="false" focused="false" long-clickable="false" password="false" scrollable="false" selected="false" bounds="[945,723][999,777]" displayed="true" /&gt;
                                              &lt;/android.view.ViewGroup&gt;
                                              &lt;android.view.ViewGroup index="2" package="com.ikatec.digisac" class="android.view.ViewGroup" text="" checkable="false" checked="false" clickable="false" enabled="true" focusable="false" focused="false" long-clickable="false" password="false" scrollable="false" selected="false" bounds="[942,738][1032,786]" displayed="true" /&gt;
                                            &lt;/android.view.ViewGroup&gt;
                                          &lt;/android.view.ViewGroup&gt;
                                        &lt;/android.view.ViewGroup&gt;
                                        &lt;android.view.ViewGroup index="18" package="com.ikatec.digisac" class="android.view.ViewGroup" text="" checkable="false" checked="false" clickable="false" enabled="true" focusable="false" focused="false" long-clickable="false" password="false" scrollable="false" selected="false" bounds="[49,792][1032,915]" displayed="true"&gt;
                                          &lt;android.widget.TextView index="0" package="com.ikatec.digisac" class="android.widget.TextView" text="Chamado transferido de Suporte (Android) para Suporte (Fila)  - 08/09/2022 às 17:51" checkable="false" checked="false" clickable="false" enabled="true" focusable="false" focused="false" long-clickable="false" password="false" scrollable="false" selected="false" bounds="[97,798][984,909]" displayed="true" /&gt;
                                        &lt;/android.view.ViewGroup&gt;
                                        &lt;android.view.ViewGroup index="19" package="com.ikatec.digisac" class="android.view.ViewGroup" text="" checkable="false" checked="false" clickable="false" enabled="true" focusable="false" focused="false" long-clickable="false" password="false" scrollable="false" selected="false" bounds="[127,939][953,1011]" displayed="true"&gt;
                                          &lt;android.widget.TextView index="0" package="com.ikatec.digisac" class="android.widget.TextView" text="Fim do chamado - 08/09/2022  às  17:56" checkable="false" checked="false" clickable="false" enabled="true" focusable="false" focused="false" long-clickable="false" password="false" scrollable="false" selected="false" bounds="[175,945][905,1005]" displayed="true" /&gt;
                                        &lt;/android.view.ViewGroup&gt;
                                        &lt;android.view.ViewGroup index="20" package="com.ikatec.digisac" class="android.view.ViewGroup" text="" checkable="false" checked="false" clickable="false" enabled="true" focusable="false" focused="false" long-clickable="false" password="false" scrollable="false" selected="false" bounds="[77,1035][1004,1158]" displayed="true"&gt;
                                          &lt;android.widget.TextView index="0" package="com.ikatec.digisac" class="android.widget.TextView" text="Início do chamado - Departamento 1 (Fila)  -  08/09/2022  às  17:56" checkable="false" checked="false" clickable="false" enabled="true" focusable="false" focused="false" long-clickable="false" password="false" scrollable="false" selected="false" bounds="[125,1041][956,1152]" displayed="true" /&gt;
                                        &lt;/android.view.ViewGroup&gt;
                                        &lt;android.view.ViewGroup index="21" package="com.ikatec.digisac" class="android.view.ViewGroup" text="" checkable="false" checked="false" clickable="false" enabled="true" focusable="false" focused="false" long-clickable="false" password="false" scrollable="false" selected="false" bounds="[63,1182][1017,1305]" displayed="true"&gt;
                                          &lt;android.widget.TextView index="0" package="com.ikatec.digisac" class="android.widget.TextView" text="Chamado transferido de Departamento 1 (Fila) para Suporte (Android)  - 08/09/2022 às 18:03" checkable="false" checked="false" clickable="false" enabled="true" focusable="false" focused="false" long-clickable="false" password="false" scrollable="false" selected="false" bounds="[111,1188][969,1299]" displayed="true" /&gt;
                                        &lt;/android.view.ViewGroup&gt;
                                        &lt;android.view.ViewGroup index="22" package="com.ikatec.digisac" class="android.view.ViewGroup" text="" checkable="false" checked="false" clickable="false" enabled="true" focusable="false" focused="false" long-clickable="false" password="false" scrollable="false" selected="false" bounds="[476,1353][604,1413]" displayed="true"&gt;
                                          &lt;android.widget.TextView index="0" package="com.ikatec.digisac" class="android.widget.TextView" text="Hoje" checkable="false" checked="false" clickable="false" enabled="true" focusable="false" focused="false" long-clickable="false" password="false" scrollable="false" selected="false" bounds="[500,1353][580,1413]" displayed="true" /&gt;
                                        &lt;/android.view.ViewGroup&gt;
                                        &lt;android.view.ViewGroup index="23" package="com.ikatec.digisac" class="android.view.ViewGroup" text="" checkable="false" checked="false" clickable="false" enabled="true" focusable="false" focused="false" long-clickable="false" password="false" scrollable="false" selected="false" bounds="[49,1461][1032,1584]" displayed="true"&gt;
                                          &lt;android.widget.TextView index="0" package="com.ikatec.digisac" class="android.widget.TextView" text="Chamado transferido de Suporte (Android) para Suporte (Fila)  - 09/09/2022 às 09:01" checkable="false" checked="false" clickable="false" enabled="true" focusable="false" focused="false" long-clickable="false" password="false" scrollable="false" selected="false" bounds="[97,1467][984,1578]" displayed="true" /&gt;
                                        &lt;/android.view.ViewGroup&gt;
                                      &lt;/android.view.ViewGroup&gt;
                                    &lt;/android.widget.ScrollView&gt;
                                    &lt;android.view.ViewGroup index="5" package="com.ikatec.digisac" class="android.view.ViewGroup" text="" checkable="false" checked="false" clickable="false" enabled="true" focusable="false" focused="false" long-clickable="false" password="false" scrollable="false" selected="false" bounds="[0,1608][1080,1776]" displayed="true"&gt;
                                      &lt;android.view.ViewGroup index="0" package="com.ikatec.digisac" class="android.view.ViewGroup" text="" checkable="false" checked="false" clickable="false" enabled="true" focusable="false" focused="false" long-clickable="false" password="false" scrollable="false" selected="false" bounds="[0,1608][1080,1776]" displayed="true"&gt;
                                        &lt;android.view.ViewGroup index="1" package="com.ikatec.digisac" class="android.view.ViewGroup" text="" checkable="false" checked="false" clickable="true" enabled="true" focusable="true" focused="false" long-clickable="false" password="false" scrollable="false" selected="false" bounds="[48,1644][144,1740]" displayed="true"&gt;
                                          &lt;android.view.ViewGroup index="0" package="com.ikatec.digisac" class="android.view.ViewGroup" text="" checkable="false" checked="false" clickable="false" enabled="true" focusable="false" focused="false" long-clickable="false" password="false" scrollable="false" selected="false" bounds="[57,1653][135,1731]" displayed="true" /&gt;
                                        &lt;/android.view.ViewGroup&gt;
                                        &lt;android.view.ViewGroup index="2" package="com.ikatec.digisac" class="android.view.ViewGroup" text="" checkable="false" checked="false" clickable="false" enabled="true" focusable="false" focused="false" long-clickable="false" password="false" scrollable="false" selected="false" bounds="[144,1629][888,1755]" displayed="true"&gt;
                                          &lt;android.widget.EditText index="0" package="com.ikatec.digisac" class="android.widget.EditText" text="Digite algo..." checkable="false" checked="false" clickable="true" enabled="true" focusable="true" focused="false" long-clickable="true" password="false" scrollable="false" selected="false" bounds="[195,1632][645,1752]" displayed="true" /&gt;
                                          &lt;android.view.ViewGroup index="1" package="com.ikatec.digisac" class="android.view.ViewGroup" text="" checkable="false" checked="false" clickable="true" enabled="true" focusable="true" focused="false" long-clickable="false" password="false" scrollable="false" selected="false" bounds="[645,1632][741,1752]" displayed="true"&gt;
                                            &lt;android.view.ViewGroup index="0" package="com.ikatec.digisac" class="android.view.ViewGroup" text="" checkable="false" checked="false" clickable="false" enabled="true" focusable="false" focused="false" long-clickable="false" password="false" scrollable="false" selected="false" bounds="[645,1644][741,1740]" displayed="true" /&gt;
                                          &lt;/android.view.ViewGroup&gt;
                                          &lt;android.view.ViewGroup index="2" package="com.ikatec.digisac" class="android.view.ViewGroup" text="" checkable="false" checked="false" clickable="true" enabled="true" focusable="true" focused="false" long-clickable="false" password="false" scrollable="false" selected="false" bounds="[741,1632][837,1752]" displayed="true"&gt;
                                            &lt;android.view.ViewGroup index="0" package="com.ikatec.digisac" class="android.view.ViewGroup" text="" checkable="false" checked="false" clickable="false" enabled="true" focusable="false" focused="false" long-clickable="false" password="false" scrollable="false" selected="false" bounds="[741,1644][837,1740]" displayed="true" /&gt;
                                          &lt;/android.view.ViewGroup&gt;
                                          &lt;android.widget.TextView index="3" package="com.ikatec.digisac" class="android.widget.TextView" text="1000 / 1" checkable="false" checked="false" clickable="false" enabled="true" focusable="false" focused="false" long-clickable="false" password="false" scrollable="false" selected="false" bounds="[741,1716][837,1746]" displayed="true" /&gt;
                                        &lt;/android.view.ViewGroup&gt;
                                        &lt;android.view.ViewGroup index="3" package="com.ikatec.digisac" class="android.view.ViewGroup" text="" checkable="false" checked="false" clickable="false" enabled="true" focusable="false" focused="false" long-clickable="false" password="false" scrollable="false" selected="false" bounds="[912,1620][1056,1764]" displayed="true"&gt;
                                          &lt;android.view.ViewGroup index="0" package="com.ikatec.digisac" class="android.view.ViewGroup" text="" checkable="false" checked="false" clickable="true" enabled="true" focusable="true" focused="false" long-clickable="false" password="false" scrollable="false" selected="false" bounds="[912,1620][1056,1764]" displayed="true"&gt;
                                            &lt;android.view.ViewGroup index="0" package="com.ikatec.digisac" class="android.view.ViewGroup" text="" checkable="false" checked="false" clickable="false" enabled="true" focusable="false" focused="false" long-clickable="false" password="false" scrollable="false" selected="false" bounds="[912,1620][1056,1764]" displayed="true"&gt;
                                              &lt;android.widget.TextView index="0" package="com.ikatec.digisac" class="android.widget.TextView" text="" checkable="false" checked="false" clickable="false" enabled="true" focusable="false" focused="false" long-clickable="false" password="false" scrollable="false" selected="false" bounds="[954,1661][1014,1724]" displayed="true" /&gt;
                                            &lt;/android.view.ViewGroup&gt;
                                          &lt;/android.view.ViewGroup&gt;
                                        &lt;/android.view.ViewGroup&gt;
                                      &lt;/android.view.ViewGroup&gt;
                                    &lt;/android.view.ViewGroup&gt;
                                  &lt;/android.view.ViewGroup&gt;
                                &lt;/android.view.ViewGroup&gt;
                              &lt;/android.view.ViewGroup&gt;
                            &lt;/android.view.ViewGroup&gt;
                          &lt;/android.view.ViewGroup&gt;
                        &lt;/android.view.ViewGroup&gt;
                      &lt;/android.view.ViewGroup&gt;
                    &lt;/android.view.ViewGroup&gt;
                  &lt;/android.view.ViewGroup&gt;
                &lt;/android.widget.FrameLayout&gt;
              &lt;/android.widget.FrameLayout&gt;
            &lt;/android.widget.FrameLayout&gt;
          &lt;/android.widget.FrameLayout&gt;
        &lt;/android.widget.LinearLayout&gt;
      &lt;/android.widget.FrameLayout&gt;
    &lt;/android.widget.LinearLayout&gt;
  &lt;/android.widget.FrameLayout&gt;
&lt;/hierarchy&gt;</msg>
<kw name="Capture Page Screenshot" library="AppiumLibrary">
<doc>Takes a screenshot of the current page and embeds it into the log.</doc>
<msg timestamp="20220909 09:57:05.793" level="INFO" html="true">&lt;/td&gt;&lt;/tr&gt;&lt;tr&gt;&lt;td colspan="3"&gt;&lt;a href="appium-screenshot-1.png"&gt;&lt;img src="appium-screenshot-1.png" width="800px"&gt;&lt;/a&gt;</msg>
<status status="PASS" starttime="20220909 09:57:05.105" endtime="20220909 09:57:05.793"/>
</kw>
<msg timestamp="20220909 09:57:05.794" level="FAIL">Element locator 'id=com.ikatec.digisac:id/add_contact-text-title' did not match any elements after 40 seconds</msg>
<status status="FAIL" starttime="20220909 09:56:24.598" endtime="20220909 09:57:05.794"/>
</kw>
<kw name="Close Session" library="base" type="TEARDOWN">
<kw name="Close Application" library="AppiumLibrary">
<doc>Closes the current application and also close webdriver session.</doc>
<status status="PASS" starttime="20220909 09:57:05.796" endtime="20220909 09:57:06.168"/>
</kw>
<status status="PASS" starttime="20220909 09:57:05.795" endtime="20220909 09:57:06.169"/>
</kw>
<status status="FAIL" starttime="20220909 09:55:51.591" endtime="20220909 09:57:06.169">Element locator 'id=com.ikatec.digisac:id/add_contact-text-title' did not match any elements after 40 seconds</status>
</test>
<status status="FAIL" starttime="20220909 09:55:51.402" endtime="20220909 09:57:06.171"/>
</suite>
<statistics>
<total>
<stat pass="0" fail="1" skip="0">All Tests</stat>
</total>
<tag>
</tag>
<suite>
<stat pass="0" fail="1" skip="0" id="s1" name="Camera">Camera</stat>
</suite>
</statistics>
<errors>
</errors>
</robot>
